0 info it worked if it ends with ok
1 verbose cli [ '/usr/local/bin/node',
1 verbose cli   '/usr/local/bin/npm',
1 verbose cli   'install',
1 verbose cli   '-g',
1 verbose cli   'create-react-app' ]
2 info using npm@1.4.21
3 info using node@v0.10.30
4 verbose cache add [ 'create-react-app', null ]
5 verbose cache add name=undefined spec="create-react-app" args=["create-react-app",null]
6 verbose parsed url { protocol: null,
6 verbose parsed url   slashes: null,
6 verbose parsed url   auth: null,
6 verbose parsed url   host: null,
6 verbose parsed url   port: null,
6 verbose parsed url   hostname: null,
6 verbose parsed url   hash: null,
6 verbose parsed url   search: null,
6 verbose parsed url   query: null,
6 verbose parsed url   pathname: 'create-react-app',
6 verbose parsed url   path: 'create-react-app',
6 verbose parsed url   href: 'create-react-app' }
7 silly lockFile 12ca563e-create-react-app create-react-app
8 verbose lock create-react-app /home/ec2-user/.npm/12ca563e-create-react-app.lock
9 silly lockFile 12ca563e-create-react-app create-react-app
10 silly lockFile 12ca563e-create-react-app create-react-app
11 verbose addNamed [ 'create-react-app', '' ]
12 verbose addNamed [ null, '*' ]
13 silly lockFile e90bd262-create-react-app create-react-app@
14 verbose lock create-react-app@ /home/ec2-user/.npm/e90bd262-create-react-app.lock
15 silly addNameRange { name: 'create-react-app', range: '*', hasData: false }
16 verbose request where is /create-react-app
17 verbose request registry https://registry.npmjs.org/
18 verbose request id 137ea49ca9c11f81
19 verbose url raw /create-react-app
20 verbose url resolving [ 'https://registry.npmjs.org/', './create-react-app' ]
21 verbose url resolved https://registry.npmjs.org/create-react-app
22 verbose request where is https://registry.npmjs.org/create-react-app
23 info trying registry request attempt 1 at 10:51:46
24 verbose etag W/"dab2ab564af5795ebdf9d0131edf3ade"
25 http GET https://registry.npmjs.org/create-react-app
26 http 304 https://registry.npmjs.org/create-react-app
27 silly registry.get cb [ 304,
27 silly registry.get   { date: 'Fri, 22 Feb 2019 10:51:46 GMT',
27 silly registry.get     connection: 'keep-alive',
27 silly registry.get     'set-cookie': [ '__cfduid=dad94afb66d9246dc5baf83d3ad682a7c1550832706; expires=Sat, 22-Feb-20 10:51:46 GMT; path=/; domain=.registry.npmjs.org; HttpOnly' ],
27 silly registry.get     'cf-cache-status': 'HIT',
27 silly registry.get     'cache-control': 'max-age=300',
27 silly registry.get     'cf-ray': '4ad0e63ecff96a37-LHR',
27 silly registry.get     etag: '"dab2ab564af5795ebdf9d0131edf3ade"',
27 silly registry.get     'expect-ct': 'max-age=604800, report-uri="https://report-uri.cloudflare.com/cdn-cgi/beacon/expect-ct"',
27 silly registry.get     'last-modified': 'Wed, 13 Feb 2019 08:49:03 GMT',
27 silly registry.get     vary: 'accept-encoding, accept',
27 silly registry.get     'x-amz-meta-rev': '256-fd9305adb9880712349884c4b0f7d87a',
27 silly registry.get     server: 'cloudflare' } ]
28 verbose etag https://registry.npmjs.org/create-react-app from cache
29 silly addNameRange number 2 { name: 'create-react-app', range: '*', hasData: true }
30 silly addNameRange versions [ 'create-react-app',
30 silly addNameRange   [ '0.0.0',
30 silly addNameRange     '0.1.0',
30 silly addNameRange     '0.2.0-alpha.1',
30 silly addNameRange     '0.2.0',
30 silly addNameRange     '0.3.0',
30 silly addNameRange     '0.4.2',
30 silly addNameRange     '0.4.2-alpha.8f28c56e',
30 silly addNameRange     '0.5.0',
30 silly addNameRange     '0.6.0',
30 silly addNameRange     '0.6.0-alpha.e756d73a',
30 silly addNameRange     '0.6.0-alpha.9c45b252',
30 silly addNameRange     '0.7.0',
30 silly addNameRange     '1.0.0',
30 silly addNameRange     '1.0.1',
30 silly addNameRange     '1.0.2',
30 silly addNameRange     '1.0.3',
30 silly addNameRange     '1.0.4',
30 silly addNameRange     '1.1.0',
30 silly addNameRange     '1.2.0',
30 silly addNameRange     '1.2.1',
30 silly addNameRange     '1.3.0',
30 silly addNameRange     '1.3.0-alpha.58689133',
30 silly addNameRange     '1.3.0-alpha.dadf93b2',
30 silly addNameRange     '1.3.0-alpha.134d2297',
30 silly addNameRange     '1.3.0-alpha.e280254d',
30 silly addNameRange     '1.3.0-alpha.c82c4f05',
30 silly addNameRange     '1.3.0-alpha.0d0536f9',
30 silly addNameRange     '1.3.0-alpha.02968ecd',
30 silly addNameRange     '1.3.0-alpha.55afd862',
30 silly addNameRange     '1.3.1',
30 silly addNameRange     '1.3.1-alpha.60ae2b6d',
30 silly addNameRange     '1.3.2',
30 silly addNameRange     '1.3.3',
30 silly addNameRange     '1.4.0',
30 silly addNameRange     '1.4.1',
30 silly addNameRange     '1.4.2',
30 silly addNameRange     '1.4.3',
30 silly addNameRange     '1.5.0',
30 silly addNameRange     '2.0.0-next.096703ab',
30 silly addNameRange     '2.0.0-next.9754a231',
30 silly addNameRange     '1.5.1',
30 silly addNameRange     '2.0.0-next.03604a46',
30 silly addNameRange     '2.0.0-next.47d2d941',
30 silly addNameRange     '1.5.2',
30 silly addNameRange     '2.0.0-next.b2fd8db8',
30 silly addNameRange     '2.0.0-next.66cc7a90',
30 silly addNameRange     '2.0.0-next.3e165448',
30 silly addNameRange     '2.0.0-next.a671462c',
30 silly addNameRange     '2.0.0-next.2150693d',
30 silly addNameRange     '2.0.0-next.fb6e6f70',
30 silly addNameRange     '2.0.0',
30 silly addNameRange     '2.0.1',
30 silly addNameRange     '2.0.2',
30 silly addNameRange     '2.0.3',
30 silly addNameRange     '2.0.4',
30 silly addNameRange     '2.0.5-next.9b4009d7',
30 silly addNameRange     '2.0.5-next.c662dfb0',
30 silly addNameRange     '2.1.0',
30 silly addNameRange     '2.1.1',
30 silly addNameRange     '2.1.2',
30 silly addNameRange     '2.1.3-next.6a95aae9',
30 silly addNameRange     '2.1.3',
30 silly addNameRange     '2.1.4',
30 silly addNameRange     '2.1.5' ] ]
31 verbose addNamed [ 'create-react-app', '2.1.5' ]
32 verbose addNamed [ '2.1.5', '2.1.5' ]
33 silly lockFile 96265984-create-react-app-2-1-5 create-react-app@2.1.5
34 verbose lock create-react-app@2.1.5 /home/ec2-user/.npm/96265984-create-react-app-2-1-5.lock
35 silly lockFile 96265984-create-react-app-2-1-5 create-react-app@2.1.5
36 silly lockFile 96265984-create-react-app-2-1-5 create-react-app@2.1.5
37 silly lockFile e90bd262-create-react-app create-react-app@
38 silly lockFile e90bd262-create-react-app create-react-app@
39 silly resolved [ { name: 'create-react-app',
39 silly resolved     version: '2.1.5',
39 silly resolved     keywords: [ 'react' ],
39 silly resolved     description: 'Create React apps with no build configuration.',
39 silly resolved     repository:
39 silly resolved      { type: 'git',
39 silly resolved        url: 'git+https://github.com/facebook/create-react-app.git' },
39 silly resolved     license: 'MIT',
39 silly resolved     engines: { node: '>=4' },
39 silly resolved     bugs: { url: 'https://github.com/facebook/create-react-app/issues' },
39 silly resolved     bin: { 'create-react-app': './index.js' },
39 silly resolved     dependencies:
39 silly resolved      { chalk: '1.1.3',
39 silly resolved        commander: '2.18.0',
39 silly resolved        'cross-spawn': '4.0.2',
39 silly resolved        envinfo: '5.11.1',
39 silly resolved        'fs-extra': '5.0.0',
39 silly resolved        hyperquest: '2.1.3',
39 silly resolved        semver: '5.5.1',
39 silly resolved        'tar-pack': '3.4.1',
39 silly resolved        tmp: '0.0.33',
39 silly resolved        'validate-npm-package-name': '3.0.0' },
39 silly resolved     homepage: 'https://github.com/facebook/create-react-app#readme',
39 silly resolved     _id: 'create-react-app@2.1.5',
39 silly resolved     _npmVersion: '6.4.1',
39 silly resolved     _nodeVersion: '10.15.1',
39 silly resolved     _npmUser: { name: 'ianschmitz', email: 'ianschmitz@gmail.com' },
39 silly resolved     dist:
39 silly resolved      { integrity: 'sha512-sTbhSYYT3lX6bAhI3NRt2qLYMy0z3BV+8GW9xfFqpNWKuji4DkJmlg+IfxQTvnA0l9BZTFK3r5GObA2NNAIy/w==',
39 silly resolved        shasum: '047f1a3b5fe6b82d021f6257e2249804c1146b56',
39 silly resolved        tarball: 'https://registry.npmjs.org/create-react-app/-/create-react-app-2.1.5.tgz',
39 silly resolved        fileCount: 6,
39 silly resolved        unpackedSize: 449574,
39 silly resolved        'npm-signature': '-----BEGIN PGP SIGNATURE-----\r\nVersion: OpenPGP.js v3.0.4\r\nComment: https://openpgpjs.org\r\n\r\nwsFcBAEBCAAQBQJcYaSrCRA9TVsSAnZWagAAXegP/2Zdm+8zyNxvea8rjLm1\niQY2uSc7D+Y8dkgyLVKkTzTlMXEG5YdB+uLzgpXBaDgXss7qIAzHb4r8TghB\nefdN8exsh5phbnNMlfD7eAJuqv+d8lg3BJohb+MPoZSyPvXlw5WaVMUej/jb\nSjVW4FLiemrlxaiHjDAVozr2ZgEgHQHazD6L+wOoUxh7BenDrsF9D7SyzE/o\nUVsQNRrkMkH/UXM1BlmViwAN46rxUnQqhGvGiUAOajji96Oeo9EArnC+yivl\nvZqDoHuSaUTYW5EMbH+M+3L5xYGZ0ar9bQhQkgEGVUl8C7+UhhV42eYwXlXX\nHX2kx88e/dJlNzxtRw6ReeiuZcHJeGWbFmEU185yIGZUVNpg577BnK+BzDRu\n/9Sd7vWmFBuJvBK77NfmFYGdz35vXHbF1SObJvFp85HSK0NzAb7JpPnwR3XI\nR1gOvarZZajqUz80ZVw+C5kGD6vcY8NE7PZfC+5Z+KM6er1GYiLqaJcDbgGJ\nbJku77IMHC3Aaihly9wyZ+EsBj2ezQhLRtmc+0K9g6j6y9lGY+mw5Y47qsYF\nMOc9B8fikjgZcppEMxjA3h7d2DYy2Cz/arzl5ESvSvKGPjY7be35cbSf9qWF\nsUdz098Zk6QJ0yUKdQWUPhOpx7I0YbOA6wEAaahgMPjGMahdM6da7P/GgBjh\ne6jL\r\n=smGB\r\n-----END PGP SIGNATURE-----\r\n' },
39 silly resolved     maintainers: [ [Object], [Object], [Object], [Object], [Object], [Object] ],
39 silly resolved     directories: {},
39 silly resolved     _npmOperationalInternal:
39 silly resolved      { host: 's3://npm-registry-packages',
39 silly resolved        tmp: 'tmp/create-react-app_2.1.5_1549903018916_0.5789123848892461' },
39 silly resolved     _hasShrinkwrap: false,
39 silly resolved     _shasum: '047f1a3b5fe6b82d021f6257e2249804c1146b56',
39 silly resolved     _resolved: 'https://registry.npmjs.org/create-react-app/-/create-react-app-2.1.5.tgz',
39 silly resolved     _from: 'create-react-app@',
39 silly resolved     readme: 'ERROR: No README data found!' } ]
40 info install create-react-app@2.1.5 into /usr/local/lib
41 info installOne create-react-app@2.1.5
42 warn engine create-react-app@2.1.5: wanted: {"node":">=4"} (current: {"node":"0.10.30","npm":"1.4.21"})
43 verbose lib/node_modules/create-react-app unbuild
44 verbose tar unpack /home/ec2-user/.npm/create-react-app/2.1.5/package.tgz
45 silly lockFile 1a9bb118-ib-node-modules-create-react-app tar:///usr/local/lib/node_modules/create-react-app
46 verbose lock tar:///usr/local/lib/node_modules/create-react-app /home/ec2-user/.npm/1a9bb118-ib-node-modules-create-react-app.lock
47 silly lockFile 861d4aa9-eate-react-app-2-1-5-package-tgz tar:///home/ec2-user/.npm/create-react-app/2.1.5/package.tgz
48 verbose lock tar:///home/ec2-user/.npm/create-react-app/2.1.5/package.tgz /home/ec2-user/.npm/861d4aa9-eate-react-app-2-1-5-package-tgz.lock
49 silly gunzTarPerm modes [ '775', '664' ]
50 error Error: EACCES, mkdir '/usr/local/lib/node_modules/create-react-app'
50 error  { [Error: EACCES, mkdir '/usr/local/lib/node_modules/create-react-app']
50 error   errno: 3,
50 error   code: 'EACCES',
50 error   path: '/usr/local/lib/node_modules/create-react-app',
50 error   fstream_type: 'Directory',
50 error   fstream_path: '/usr/local/lib/node_modules/create-react-app',
50 error   fstream_class: 'DirWriter',
50 error   fstream_stack:
50 error    [ '/usr/local/lib/node_modules/npm/node_modules/fstream/lib/dir-writer.js:36:23',
50 error      '/usr/local/lib/node_modules/npm/node_modules/mkdirp/index.js:37:53',
50 error      'Object.oncomplete (fs.js:107:15)' ] }
51 error Please try running this command again as root/Administrator.
52 error System Linux 4.14.77-70.59.amzn1.x86_64
53 error command "/usr/local/bin/node" "/usr/local/bin/npm" "install" "-g" "create-react-app"
54 error cwd /home/ec2-user/cheat-sheet
55 error node -v v0.10.30
56 error npm -v 1.4.21
57 error path /usr/local/lib/node_modules/create-react-app
58 error fstream_path /usr/local/lib/node_modules/create-react-app
59 error fstream_type Directory
60 error fstream_class DirWriter
61 error code EACCES
62 error errno 3
63 error stack Error: EACCES, mkdir '/usr/local/lib/node_modules/create-react-app'
64 error fstream_stack /usr/local/lib/node_modules/npm/node_modules/fstream/lib/dir-writer.js:36:23
64 error fstream_stack /usr/local/lib/node_modules/npm/node_modules/mkdirp/index.js:37:53
64 error fstream_stack Object.oncomplete (fs.js:107:15)
65 verbose exit [ 3, true ]
